running egg_info
writing ../build/reactive_race/reactive_race.egg-info/PKG-INFO
writing dependency_links to ../build/reactive_race/reactive_race.egg-info/dependency_links.txt
writing entry points to ../build/reactive_race/reactive_race.egg-info/entry_points.txt
writing requirements to ../build/reactive_race/reactive_race.egg-info/requires.txt
writing top-level names to ../build/reactive_race/reactive_race.egg-info/top_level.txt
reading manifest file '../build/reactive_race/reactive_race.egg-info/SOURCES.txt'
writing manifest file '../build/reactive_race/reactive_race.egg-info/SOURCES.txt'
running build
running build_py
copying reactive_race/raceline_follower.py -> /home/juangallo/Escritorio/vehicle_nt/proyecto_1erParte/build/reactive_race/build/lib/reactive_race
running install
running install_lib
copying /home/juangallo/Escritorio/vehicle_nt/proyecto_1erParte/build/reactive_race/build/lib/reactive_race/raceline_follower.py -> /home/juangallo/Escritorio/vehicle_nt/proyecto_1erParte/install/reactive_race/lib/python3.10/site-packages/reactive_race
byte-compiling /home/juangallo/Escritorio/vehicle_nt/proyecto_1erParte/install/reactive_race/lib/python3.10/site-packages/reactive_race/raceline_follower.py to raceline_follower.cpython-310.pyc
running install_data
running install_egg_info
removing '/home/juangallo/Escritorio/vehicle_nt/proyecto_1erParte/install/reactive_race/lib/python3.10/site-packages/reactive_race-0.0.0-py3.10.egg-info' (and everything under it)
Copying ../build/reactive_race/reactive_race.egg-info to /home/juangallo/Escritorio/vehicle_nt/proyecto_1erParte/install/reactive_race/lib/python3.10/site-packages/reactive_race-0.0.0-py3.10.egg-info
running install_scripts
Installing manual_driver script to /home/juangallo/Escritorio/vehicle_nt/proyecto_1erParte/install/reactive_race/lib/reactive_race
Installing raceline_follower script to /home/juangallo/Escritorio/vehicle_nt/proyecto_1erParte/install/reactive_race/lib/reactive_race
Installing reactive_node script to /home/juangallo/Escritorio/vehicle_nt/proyecto_1erParte/install/reactive_race/lib/reactive_race
Installing waypoint_recorder script to /home/juangallo/Escritorio/vehicle_nt/proyecto_1erParte/install/reactive_race/lib/reactive_race
writing list of installed files to '/home/juangallo/Escritorio/vehicle_nt/proyecto_1erParte/build/reactive_race/install.log'
