[0.434s] Invoking command in '/home/juangallo/Escritorio/vehicle_nt/proyecto_1erParte/reactive_race': PYTHONPATH=/home/juangallo/Escritorio/vehicle_nt/proyecto_1erParte/build/reactive_race/prefix_override:/usr/lib/python3/dist-packages/colcon_core/task/python/colcon_distutils_commands:/home/juangallo/Escritorio/vehicle_nt/proyecto_1erParte/install/reactive_race/lib/python3.10/site-packages:${PYTHONPATH} /usr/bin/python3 -W ignore:setup.py install is deprecated -W ignore:easy_install command is deprecated setup.py egg_info --egg-base ../build/reactive_race build --build-base /home/juangallo/Escritorio/vehicle_nt/proyecto_1erParte/build/reactive_race/build install --record /home/juangallo/Escritorio/vehicle_nt/proyecto_1erParte/build/reactive_race/install.log --single-version-externally-managed install_data
[0.598s] running egg_info
[0.598s] writing ../build/reactive_race/reactive_race.egg-info/PKG-INFO
[0.598s] writing dependency_links to ../build/reactive_race/reactive_race.egg-info/dependency_links.txt
[0.599s] writing entry points to ../build/reactive_race/reactive_race.egg-info/entry_points.txt
[0.599s] writing requirements to ../build/reactive_race/reactive_race.egg-info/requires.txt
[0.599s] writing top-level names to ../build/reactive_race/reactive_race.egg-info/top_level.txt
[0.600s] reading manifest file '../build/reactive_race/reactive_race.egg-info/SOURCES.txt'
[0.601s] writing manifest file '../build/reactive_race/reactive_race.egg-info/SOURCES.txt'
[0.601s] running build
[0.601s] running build_py
[0.601s] copying reactive_race/raceline_follower.py -> /home/juangallo/Escritorio/vehicle_nt/proyecto_1erParte/build/reactive_race/build/lib/reactive_race
[0.602s] running install
[0.602s] running install_lib
[0.603s] copying /home/juangallo/Escritorio/vehicle_nt/proyecto_1erParte/build/reactive_race/build/lib/reactive_race/raceline_follower.py -> /home/juangallo/Escritorio/vehicle_nt/proyecto_1erParte/install/reactive_race/lib/python3.10/site-packages/reactive_race
[0.603s] byte-compiling /home/juangallo/Escritorio/vehicle_nt/proyecto_1erParte/install/reactive_race/lib/python3.10/site-packages/reactive_race/raceline_follower.py to raceline_follower.cpython-310.pyc
[0.606s] running install_data
[0.606s] running install_egg_info
[0.607s] removing '/home/juangallo/Escritorio/vehicle_nt/proyecto_1erParte/install/reactive_race/lib/python3.10/site-packages/reactive_race-0.0.0-py3.10.egg-info' (and everything under it)
[0.608s] Copying ../build/reactive_race/reactive_race.egg-info to /home/juangallo/Escritorio/vehicle_nt/proyecto_1erParte/install/reactive_race/lib/python3.10/site-packages/reactive_race-0.0.0-py3.10.egg-info
[0.608s] running install_scripts
[0.624s] Installing manual_driver script to /home/juangallo/Escritorio/vehicle_nt/proyecto_1erParte/install/reactive_race/lib/reactive_race
[0.624s] Installing raceline_follower script to /home/juangallo/Escritorio/vehicle_nt/proyecto_1erParte/install/reactive_race/lib/reactive_race
[0.624s] Installing reactive_node script to /home/juangallo/Escritorio/vehicle_nt/proyecto_1erParte/install/reactive_race/lib/reactive_race
[0.624s] Installing waypoint_recorder script to /home/juangallo/Escritorio/vehicle_nt/proyecto_1erParte/install/reactive_race/lib/reactive_race
[0.624s] writing list of installed files to '/home/juangallo/Escritorio/vehicle_nt/proyecto_1erParte/build/reactive_race/install.log'
[0.648s] Invoked command in '/home/juangallo/Escritorio/vehicle_nt/proyecto_1erParte/reactive_race' returned '0': PYTHONPATH=/home/juangallo/Escritorio/vehicle_nt/proyecto_1erParte/build/reactive_race/prefix_override:/usr/lib/python3/dist-packages/colcon_core/task/python/colcon_distutils_commands:/home/juangallo/Escritorio/vehicle_nt/proyecto_1erParte/install/reactive_race/lib/python3.10/site-packages:${PYTHONPATH} /usr/bin/python3 -W ignore:setup.py install is deprecated -W ignore:easy_install command is deprecated setup.py egg_info --egg-base ../build/reactive_race build --build-base /home/juangallo/Escritorio/vehicle_nt/proyecto_1erParte/build/reactive_race/build install --record /home/juangallo/Escritorio/vehicle_nt/proyecto_1erParte/build/reactive_race/install.log --single-version-externally-managed install_data
