[0.414s] Invoking command in '/home/juangallo/Escritorio/vehicle_nt/proyecto_1erParte/reactive_race': PYTHONPATH=/home/juangallo/Escritorio/vehicle_nt/proyecto_1erParte/build/reactive_race/prefix_override:/usr/lib/python3/dist-packages/colcon_core/task/python/colcon_distutils_commands:/home/juangallo/Escritorio/vehicle_nt/proyecto_1erParte/install/reactive_race/lib/python3.10/site-packages:${PYTHONPATH} /usr/bin/python3 -W ignore:setup.py install is deprecated -W ignore:easy_install command is deprecated setup.py egg_info --egg-base ../build/reactive_race build --build-base /home/juangallo/Escritorio/vehicle_nt/proyecto_1erParte/build/reactive_race/build install --record /home/juangallo/Escritorio/vehicle_nt/proyecto_1erParte/build/reactive_race/install.log --single-version-externally-managed install_data
[0.573s] running egg_info
[0.573s] writing ../build/reactive_race/reactive_race.egg-info/PKG-INFO
[0.574s] writing dependency_links to ../build/reactive_race/reactive_race.egg-info/dependency_links.txt
[0.574s] writing entry points to ../build/reactive_race/reactive_race.egg-info/entry_points.txt
[0.574s] writing requirements to ../build/reactive_race/reactive_race.egg-info/requires.txt
[0.574s] writing top-level names to ../build/reactive_race/reactive_race.egg-info/top_level.txt
[0.575s] reading manifest file '../build/reactive_race/reactive_race.egg-info/SOURCES.txt'
[0.576s] writing manifest file '../build/reactive_race/reactive_race.egg-info/SOURCES.txt'
[0.577s] running build
[0.577s] running build_py
[0.577s] copying reactive_race/raceline_follower.py -> /home/juangallo/Escritorio/vehicle_nt/proyecto_1erParte/build/reactive_race/build/lib/reactive_race
[0.577s] running install
[0.577s] running install_lib
[0.578s] copying /home/juangallo/Escritorio/vehicle_nt/proyecto_1erParte/build/reactive_race/build/lib/reactive_race/raceline_follower.py -> /home/juangallo/Escritorio/vehicle_nt/proyecto_1erParte/install/reactive_race/lib/python3.10/site-packages/reactive_race
[0.579s] byte-compiling /home/juangallo/Escritorio/vehicle_nt/proyecto_1erParte/install/reactive_race/lib/python3.10/site-packages/reactive_race/raceline_follower.py to raceline_follower.cpython-310.pyc
[0.581s] running install_data
[0.581s] running install_egg_info
[0.582s] removing '/home/juangallo/Escritorio/vehicle_nt/proyecto_1erParte/install/reactive_race/lib/python3.10/site-packages/reactive_race-0.0.0-py3.10.egg-info' (and everything under it)
[0.583s] Copying ../build/reactive_race/reactive_race.egg-info to /home/juangallo/Escritorio/vehicle_nt/proyecto_1erParte/install/reactive_race/lib/python3.10/site-packages/reactive_race-0.0.0-py3.10.egg-info
[0.584s] running install_scripts
[0.598s] Installing manual_driver script to /home/juangallo/Escritorio/vehicle_nt/proyecto_1erParte/install/reactive_race/lib/reactive_race
[0.598s] Installing raceline_follower script to /home/juangallo/Escritorio/vehicle_nt/proyecto_1erParte/install/reactive_race/lib/reactive_race
[0.598s] Installing reactive_node script to /home/juangallo/Escritorio/vehicle_nt/proyecto_1erParte/install/reactive_race/lib/reactive_race
[0.598s] Installing waypoint_recorder script to /home/juangallo/Escritorio/vehicle_nt/proyecto_1erParte/install/reactive_race/lib/reactive_race
[0.599s] writing list of installed files to '/home/juangallo/Escritorio/vehicle_nt/proyecto_1erParte/build/reactive_race/install.log'
[0.620s] Invoked command in '/home/juangallo/Escritorio/vehicle_nt/proyecto_1erParte/reactive_race' returned '0': PYTHONPATH=/home/juangallo/Escritorio/vehicle_nt/proyecto_1erParte/build/reactive_race/prefix_override:/usr/lib/python3/dist-packages/colcon_core/task/python/colcon_distutils_commands:/home/juangallo/Escritorio/vehicle_nt/proyecto_1erParte/install/reactive_race/lib/python3.10/site-packages:${PYTHONPATH} /usr/bin/python3 -W ignore:setup.py install is deprecated -W ignore:easy_install command is deprecated setup.py egg_info --egg-base ../build/reactive_race build --build-base /home/juangallo/Escritorio/vehicle_nt/proyecto_1erParte/build/reactive_race/build install --record /home/juangallo/Escritorio/vehicle_nt/proyecto_1erParte/build/reactive_race/install.log --single-version-externally-managed install_data
