running egg_info
creating ../build/reactive_race/reactive_race.egg-info
writing ../build/reactive_race/reactive_race.egg-info/PKG-INFO
writing dependency_links to ../build/reactive_race/reactive_race.egg-info/dependency_links.txt
writing entry points to ../build/reactive_race/reactive_race.egg-info/entry_points.txt
writing requirements to ../build/reactive_race/reactive_race.egg-info/requires.txt
writing top-level names to ../build/reactive_race/reactive_race.egg-info/top_level.txt
writing manifest file '../build/reactive_race/reactive_race.egg-info/SOURCES.txt'
reading manifest file '../build/reactive_race/reactive_race.egg-info/SOURCES.txt'
writing manifest file '../build/reactive_race/reactive_race.egg-info/SOURCES.txt'
running build
running build_py
creating /home/juangallo/Escritorio/vehicle_nt/proyecto_1erParte/build/reactive_race/build
creating /home/juangallo/Escritorio/vehicle_nt/proyecto_1erParte/build/reactive_race/build/lib
creating /home/juangallo/Escritorio/vehicle_nt/proyecto_1erParte/build/reactive_race/build/lib/reactive_race
copying reactive_race/__init__.py -> /home/juangallo/Escritorio/vehicle_nt/proyecto_1erParte/build/reactive_race/build/lib/reactive_race
copying reactive_race/eactive_node.py -> /home/juangallo/Escritorio/vehicle_nt/proyecto_1erParte/build/reactive_race/build/lib/reactive_race
running install
running install_lib
creating /home/juangallo/Escritorio/vehicle_nt/proyecto_1erParte/install/reactive_race/lib/python3.10/site-packages/reactive_race
copying /home/juangallo/Escritorio/vehicle_nt/proyecto_1erParte/build/reactive_race/build/lib/reactive_race/__init__.py -> /home/juangallo/Escritorio/vehicle_nt/proyecto_1erParte/install/reactive_race/lib/python3.10/site-packages/reactive_race
copying /home/juangallo/Escritorio/vehicle_nt/proyecto_1erParte/build/reactive_race/build/lib/reactive_race/eactive_node.py -> /home/juangallo/Escritorio/vehicle_nt/proyecto_1erParte/install/reactive_race/lib/python3.10/site-packages/reactive_race
byte-compiling /home/juangallo/Escritorio/vehicle_nt/proyecto_1erParte/install/reactive_race/lib/python3.10/site-packages/reactive_race/__init__.py to __init__.cpython-310.pyc
byte-compiling /home/juangallo/Escritorio/vehicle_nt/proyecto_1erParte/install/reactive_race/lib/python3.10/site-packages/reactive_race/eactive_node.py to eactive_node.cpython-310.pyc
running install_data
creating /home/juangallo/Escritorio/vehicle_nt/proyecto_1erParte/install/reactive_race/share/ament_index
creating /home/juangallo/Escritorio/vehicle_nt/proyecto_1erParte/install/reactive_race/share/ament_index/resource_index
creating /home/juangallo/Escritorio/vehicle_nt/proyecto_1erParte/install/reactive_race/share/ament_index/resource_index/packages
copying resource/reactive_race -> /home/juangallo/Escritorio/vehicle_nt/proyecto_1erParte/install/reactive_race/share/ament_index/resource_index/packages
copying package.xml -> /home/juangallo/Escritorio/vehicle_nt/proyecto_1erParte/install/reactive_race/share/reactive_race
running install_egg_info
Copying ../build/reactive_race/reactive_race.egg-info to /home/juangallo/Escritorio/vehicle_nt/proyecto_1erParte/install/reactive_race/lib/python3.10/site-packages/reactive_race-0.0.0-py3.10.egg-info
running install_scripts
Installing reactive_node script to /home/juangallo/Escritorio/vehicle_nt/proyecto_1erParte/install/reactive_race/lib/reactive_race
writing list of installed files to '/home/juangallo/Escritorio/vehicle_nt/proyecto_1erParte/build/reactive_race/install.log'
